<?xml version="1.0" encoding="UTF-8"?>
<robot generator="Robot 6.0 (Python 3.10.7 on win32)" generated="20231201 23:30:44.888" rpa="false" schemaversion="3">
<suite id="s1" name="Automation Practice Homepage Login" source="C:\Users\kingsley\PycharmProjects\robotframework_automation_practice\Testcases\automation_practice_homepage_login.robot">
<test id="s1-t1" name="Verify that logo and Add cart button are displayed" line="10">
<kw name="Check logo and add to cart elements" library="MyKeywords">
<kw name="Open Browser" library="SeleniumLibrary">
<arg>${URL}</arg>
<arg>${BROWSER}</arg>
<doc>Opens a new browser instance to the optional ``url``.</doc>
<msg timestamp="20231201 23:30:50.107" level="INFO">Opening browser 'chrome' to base url 'http://automationpractice.pl/index.php'.</msg>
<msg timestamp="20231201 23:31:13.136" level="INFO">Cannot capture screenshot because no browser is open.</msg>
<msg timestamp="20231201 23:31:13.138" level="FAIL">SessionNotCreatedException: Message: session not created: This version of ChromeDriver only supports Chrome version 112
Current browser version is 119.0.6045.200 with binary path C:\Users\kingsley\AppData\Local\Google\Chrome\Application\chrome.exe
Stacktrace:
Backtrace:
	GetHandleVerifier [0x00DEDCE3+50899]
	(No symbol) [0x00D7E111]
	(No symbol) [0x00C85588]
	(No symbol) [0x00CA570C]
	(No symbol) [0x00CA1471]
	(No symbol) [0x00C9F479]
	(No symbol) [0x00CD1FFE]
	(No symbol) [0x00CD1CEC]
	(No symbol) [0x00CCB6F6]
	(No symbol) [0x00CA7708]
	(No symbol) [0x00CA886D]
	GetHandleVerifier [0x01053EAE+2566302]
	GetHandleVerifier [0x010892B1+2784417]
	GetHandleVerifier [0x0108327C+2759788]
	GetHandleVerifier [0x00E85740+672048]
	(No symbol) [0x00D88872]
	(No symbol) [0x00D841C8]
	(No symbol) [0x00D842AB]
	(No symbol) [0x00D771B7]
	BaseThreadInitThunk [0x75E2FCC9+25]
	RtlGetAppContainerNamedObjectPath [0x77827C6E+286]
	RtlGetAppContainerNamedObjectPath [0x77827C3E+238]
</msg>
<status status="FAIL" starttime="20231201 23:30:50.089" endtime="20231201 23:31:13.651"/>
</kw>
<kw name="Maximize Browser Window" library="SeleniumLibrary">
<doc>Maximizes current browser window.</doc>
<status status="NOT RUN" starttime="20231201 23:31:13.651" endtime="20231201 23:31:13.651"/>
</kw>
<kw name="Wait Until Element Is Visible" library="SeleniumLibrary">
<arg>${APP_LOGO}</arg>
<arg>10s</arg>
<doc>Waits until the element ``locator`` is visible.</doc>
<status status="NOT RUN" starttime="20231201 23:31:13.651" endtime="20231201 23:31:13.651"/>
</kw>
<kw name="Wait Until Element Is Visible" library="SeleniumLibrary">
<arg>${SHOPPING_CART}</arg>
<arg>10s</arg>
<doc>Waits until the element ``locator`` is visible.</doc>
<status status="NOT RUN" starttime="20231201 23:31:13.651" endtime="20231201 23:31:13.651"/>
</kw>
<kw name="Capture Page Screenshot" library="SeleniumLibrary">
<doc>Takes a screenshot of the current page and embeds it into a log file.</doc>
<status status="NOT RUN" starttime="20231201 23:31:13.651" endtime="20231201 23:31:13.651"/>
</kw>
<status status="FAIL" starttime="20231201 23:30:50.089" endtime="20231201 23:31:13.651"/>
</kw>
<status status="FAIL" starttime="20231201 23:30:50.089" endtime="20231201 23:31:13.651">SessionNotCreatedException: Message: session not created: This version of ChromeDriver only supports Chrome version 112
Current browser version is 119.0.6045.200 with binary path C:\Users\kingsley\AppData\Local\Google\Chrome\Application\chrome.exe
Stacktrace:
Backtrace:
	GetHandleVerifier [0x00DEDCE3+50899]
	(No symbol) [0x00D7E111]
	(No symbol) [0x00C85588]
	(No symbol) [0x00CA570C]
	(No symbol) [0x00CA1471]
	(No symbol) [0x00C9F479]
	(No symbol) [0x00CD1FFE]
	(No symbol) [0x00CD1CEC]
	(No symbol) [0x00CCB6F6]
	(No symbol) [0x00CA7708]
	(No symbol) [0x00CA886D]
	GetHandleVerifier [0x01053EAE+2566302]
	GetHandleVerifier [0x010892B1+2784417]
	GetHandleVerifier [0x0108327C+2759788]
	GetHandleVerifier [0x00E85740+672048]
	(No symbol) [0x00D88872]
	(No symbol) [0x00D841C8]
	(No symbol) [0x00D842AB]
	(No symbol) [0x00D771B7]
	BaseThreadInitThunk [0x75E2FCC9+25]
	RtlGetAppContainerNamedObjectPath [0x77827C6E+286]
	RtlGetAppContainerNamedObjectPath [0x77827C3E+238]
</status>
</test>
<test id="s1-t2" name="Valid Login" line="14">
<kw name="Login user" library="MyKeywords">
<arg>${USER_EMAIL}</arg>
<arg>${USER_PASSWORD}</arg>
<kw name="Open Browser" library="SeleniumLibrary">
<arg>${URL}</arg>
<arg>${BROWSER}</arg>
<doc>Opens a new browser instance to the optional ``url``.</doc>
<msg timestamp="20231201 23:31:13.651" level="INFO">Opening browser 'chrome' to base url 'http://automationpractice.pl/index.php'.</msg>
<msg timestamp="20231201 23:31:19.527" level="INFO">Cannot capture screenshot because no browser is open.</msg>
<msg timestamp="20231201 23:31:19.528" level="FAIL">SessionNotCreatedException: Message: session not created: This version of ChromeDriver only supports Chrome version 112
Current browser version is 119.0.6045.200 with binary path C:\Users\kingsley\AppData\Local\Google\Chrome\Application\chrome.exe
Stacktrace:
Backtrace:
	GetHandleVerifier [0x00DEDCE3+50899]
	(No symbol) [0x00D7E111]
	(No symbol) [0x00C85588]
	(No symbol) [0x00CA570C]
	(No symbol) [0x00CA1471]
	(No symbol) [0x00C9F479]
	(No symbol) [0x00CD1FFE]
	(No symbol) [0x00CD1CEC]
	(No symbol) [0x00CCB6F6]
	(No symbol) [0x00CA7708]
	(No symbol) [0x00CA886D]
	GetHandleVerifier [0x01053EAE+2566302]
	GetHandleVerifier [0x010892B1+2784417]
	GetHandleVerifier [0x0108327C+2759788]
	GetHandleVerifier [0x00E85740+672048]
	(No symbol) [0x00D88872]
	(No symbol) [0x00D841C8]
	(No symbol) [0x00D842AB]
	(No symbol) [0x00D771B7]
	BaseThreadInitThunk [0x75E2FCC9+25]
	RtlGetAppContainerNamedObjectPath [0x77827C6E+286]
	RtlGetAppContainerNamedObjectPath [0x77827C3E+238]
</msg>
<status status="FAIL" starttime="20231201 23:31:13.651" endtime="20231201 23:31:19.530"/>
</kw>
<kw name="Maximize Browser Window" library="SeleniumLibrary">
<doc>Maximizes current browser window.</doc>
<status status="NOT RUN" starttime="20231201 23:31:19.531" endtime="20231201 23:31:19.531"/>
</kw>
<kw name="Wait And Click Element" library="MyKeywords">
<arg>${HOMEPAGE_SIGNIN_BTN}</arg>
<doc>wait for elements to be enabled before clicking</doc>
<status status="NOT RUN" starttime="20231201 23:31:19.531" endtime="20231201 23:31:19.532"/>
</kw>
<kw name="Wait And Input Text" library="MyKeywords">
<arg>${LOGIN_USERNAME_FIELD}</arg>
<arg>${username}</arg>
<doc>wait for elements to be enabled before inputting text</doc>
<status status="NOT RUN" starttime="20231201 23:31:19.532" endtime="20231201 23:31:19.532"/>
</kw>
<kw name="Wait And Input Text" library="MyKeywords">
<arg>${LOGIN_PASSWORD_FIELD}</arg>
<arg>${password}</arg>
<doc>wait for elements to be enabled before inputting text</doc>
<status status="NOT RUN" starttime="20231201 23:31:19.532" endtime="20231201 23:31:19.533"/>
</kw>
<kw name="Wait And Click Element" library="MyKeywords">
<arg>${LOGIN_BTN}</arg>
<doc>wait for elements to be enabled before clicking</doc>
<status status="NOT RUN" starttime="20231201 23:31:19.533" endtime="20231201 23:31:19.533"/>
</kw>
<kw name="Page Should Contain" library="SeleniumLibrary">
<arg>${LOGGEDIN_USER}</arg>
<doc>Verifies that current page contains ``text``.</doc>
<status status="NOT RUN" starttime="20231201 23:31:19.534" endtime="20231201 23:31:19.534"/>
</kw>
<status status="FAIL" starttime="20231201 23:31:13.651" endtime="20231201 23:31:19.534"/>
</kw>
<status status="FAIL" starttime="20231201 23:31:13.651" endtime="20231201 23:31:19.536">SessionNotCreatedException: Message: session not created: This version of ChromeDriver only supports Chrome version 112
Current browser version is 119.0.6045.200 with binary path C:\Users\kingsley\AppData\Local\Google\Chrome\Application\chrome.exe
Stacktrace:
Backtrace:
	GetHandleVerifier [0x00DEDCE3+50899]
	(No symbol) [0x00D7E111]
	(No symbol) [0x00C85588]
	(No symbol) [0x00CA570C]
	(No symbol) [0x00CA1471]
	(No symbol) [0x00C9F479]
	(No symbol) [0x00CD1FFE]
	(No symbol) [0x00CD1CEC]
	(No symbol) [0x00CCB6F6]
	(No symbol) [0x00CA7708]
	(No symbol) [0x00CA886D]
	GetHandleVerifier [0x01053EAE+2566302]
	GetHandleVerifier [0x010892B1+2784417]
	GetHandleVerifier [0x0108327C+2759788]
	GetHandleVerifier [0x00E85740+672048]
	(No symbol) [0x00D88872]
	(No symbol) [0x00D841C8]
	(No symbol) [0x00D842AB]
	(No symbol) [0x00D771B7]
	BaseThreadInitThunk [0x75E2FCC9+25]
	RtlGetAppContainerNamedObjectPath [0x77827C6E+286]
	RtlGetAppContainerNamedObjectPath [0x77827C3E+238]
</status>
</test>
<test id="s1-t3" name="Invalid Login1" line="19">
<kw name="Login with incorrect password" library="MyKeywords">
<arg>kingsg@gmail.com</arg>
<arg>test</arg>
<kw name="Open Browser" library="SeleniumLibrary">
<arg>${URL}</arg>
<arg>${BROWSER}</arg>
<doc>Opens a new browser instance to the optional ``url``.</doc>
<msg timestamp="20231201 23:31:19.549" level="INFO">Opening browser 'chrome' to base url 'http://automationpractice.pl/index.php'.</msg>
<msg timestamp="20231201 23:31:24.276" level="INFO">Cannot capture screenshot because no browser is open.</msg>
<msg timestamp="20231201 23:31:24.276" level="FAIL">SessionNotCreatedException: Message: session not created: This version of ChromeDriver only supports Chrome version 112
Current browser version is 119.0.6045.200 with binary path C:\Users\kingsley\AppData\Local\Google\Chrome\Application\chrome.exe
Stacktrace:
Backtrace:
	GetHandleVerifier [0x00DEDCE3+50899]
	(No symbol) [0x00D7E111]
	(No symbol) [0x00C85588]
	(No symbol) [0x00CA570C]
	(No symbol) [0x00CA1471]
	(No symbol) [0x00C9F479]
	(No symbol) [0x00CD1FFE]
	(No symbol) [0x00CD1CEC]
	(No symbol) [0x00CCB6F6]
	(No symbol) [0x00CA7708]
	(No symbol) [0x00CA886D]
	GetHandleVerifier [0x01053EAE+2566302]
	GetHandleVerifier [0x010892B1+2784417]
	GetHandleVerifier [0x0108327C+2759788]
	GetHandleVerifier [0x00E85740+672048]
	(No symbol) [0x00D88872]
	(No symbol) [0x00D841C8]
	(No symbol) [0x00D842AB]
	(No symbol) [0x00D771B7]
	BaseThreadInitThunk [0x75E2FCC9+25]
	RtlGetAppContainerNamedObjectPath [0x77827C6E+286]
	RtlGetAppContainerNamedObjectPath [0x77827C3E+238]
</msg>
<status status="FAIL" starttime="20231201 23:31:19.547" endtime="20231201 23:31:24.276"/>
</kw>
<kw name="Maximize Browser Window" library="SeleniumLibrary">
<doc>Maximizes current browser window.</doc>
<status status="NOT RUN" starttime="20231201 23:31:24.276" endtime="20231201 23:31:24.276"/>
</kw>
<kw name="Wait And Click Element" library="MyKeywords">
<arg>${HOMEPAGE_SIGNIN_BTN}</arg>
<doc>wait for elements to be enabled before clicking</doc>
<status status="NOT RUN" starttime="20231201 23:31:24.276" endtime="20231201 23:31:24.276"/>
</kw>
<kw name="Wait And Input Text" library="MyKeywords">
<arg>${LOGIN_USERNAME_FIELD}</arg>
<arg>${username}</arg>
<doc>wait for elements to be enabled before inputting text</doc>
<status status="NOT RUN" starttime="20231201 23:31:24.276" endtime="20231201 23:31:24.276"/>
</kw>
<kw name="Wait And Input Text" library="MyKeywords">
<arg>${LOGIN_PASSWORD_FIELD}</arg>
<arg>${password}</arg>
<doc>wait for elements to be enabled before inputting text</doc>
<status status="NOT RUN" starttime="20231201 23:31:24.276" endtime="20231201 23:31:24.276"/>
</kw>
<kw name="Wait And Click Element" library="MyKeywords">
<arg>${LOGIN_BTN}</arg>
<doc>wait for elements to be enabled before clicking</doc>
<status status="NOT RUN" starttime="20231201 23:31:24.276" endtime="20231201 23:31:24.276"/>
</kw>
<kw name="Page Should Not Contain" library="SeleniumLibrary">
<arg>${LOGGEDIN_USER}</arg>
<doc>Verifies the current page does not contain ``text``.</doc>
<status status="NOT RUN" starttime="20231201 23:31:24.276" endtime="20231201 23:31:24.276"/>
</kw>
<status status="FAIL" starttime="20231201 23:31:19.546" endtime="20231201 23:31:24.276"/>
</kw>
<status status="FAIL" starttime="20231201 23:31:19.544" endtime="20231201 23:31:24.276">SessionNotCreatedException: Message: session not created: This version of ChromeDriver only supports Chrome version 112
Current browser version is 119.0.6045.200 with binary path C:\Users\kingsley\AppData\Local\Google\Chrome\Application\chrome.exe
Stacktrace:
Backtrace:
	GetHandleVerifier [0x00DEDCE3+50899]
	(No symbol) [0x00D7E111]
	(No symbol) [0x00C85588]
	(No symbol) [0x00CA570C]
	(No symbol) [0x00CA1471]
	(No symbol) [0x00C9F479]
	(No symbol) [0x00CD1FFE]
	(No symbol) [0x00CD1CEC]
	(No symbol) [0x00CCB6F6]
	(No symbol) [0x00CA7708]
	(No symbol) [0x00CA886D]
	GetHandleVerifier [0x01053EAE+2566302]
	GetHandleVerifier [0x010892B1+2784417]
	GetHandleVerifier [0x0108327C+2759788]
	GetHandleVerifier [0x00E85740+672048]
	(No symbol) [0x00D88872]
	(No symbol) [0x00D841C8]
	(No symbol) [0x00D842AB]
	(No symbol) [0x00D771B7]
	BaseThreadInitThunk [0x75E2FCC9+25]
	RtlGetAppContainerNamedObjectPath [0x77827C6E+286]
	RtlGetAppContainerNamedObjectPath [0x77827C3E+238]
</status>
</test>
<test id="s1-t4" name="Invalid Login2" line="23">
<kw name="Login with incorrect username" library="MyKeywords">
<arg>king@gmail.com</arg>
<arg>testing</arg>
<kw name="Open Browser" library="SeleniumLibrary">
<arg>${URL}</arg>
<arg>${BROWSER}</arg>
<doc>Opens a new browser instance to the optional ``url``.</doc>
<msg timestamp="20231201 23:31:24.291" level="INFO">Opening browser 'chrome' to base url 'http://automationpractice.pl/index.php'.</msg>
<msg timestamp="20231201 23:31:28.932" level="INFO">Cannot capture screenshot because no browser is open.</msg>
<msg timestamp="20231201 23:31:28.932" level="FAIL">SessionNotCreatedException: Message: session not created: This version of ChromeDriver only supports Chrome version 112
Current browser version is 119.0.6045.200 with binary path C:\Users\kingsley\AppData\Local\Google\Chrome\Application\chrome.exe
Stacktrace:
Backtrace:
	GetHandleVerifier [0x00DEDCE3+50899]
	(No symbol) [0x00D7E111]
	(No symbol) [0x00C85588]
	(No symbol) [0x00CA570C]
	(No symbol) [0x00CA1471]
	(No symbol) [0x00C9F479]
	(No symbol) [0x00CD1FFE]
	(No symbol) [0x00CD1CEC]
	(No symbol) [0x00CCB6F6]
	(No symbol) [0x00CA7708]
	(No symbol) [0x00CA886D]
	GetHandleVerifier [0x01053EAE+2566302]
	GetHandleVerifier [0x010892B1+2784417]
	GetHandleVerifier [0x0108327C+2759788]
	GetHandleVerifier [0x00E85740+672048]
	(No symbol) [0x00D88872]
	(No symbol) [0x00D841C8]
	(No symbol) [0x00D842AB]
	(No symbol) [0x00D771B7]
	BaseThreadInitThunk [0x75E2FCC9+25]
	RtlGetAppContainerNamedObjectPath [0x77827C6E+286]
	RtlGetAppContainerNamedObjectPath [0x77827C3E+238]
</msg>
<status status="FAIL" starttime="20231201 23:31:24.291" endtime="20231201 23:31:28.932"/>
</kw>
<kw name="Maximize Browser Window" library="SeleniumLibrary">
<doc>Maximizes current browser window.</doc>
<status status="NOT RUN" starttime="20231201 23:31:28.932" endtime="20231201 23:31:28.932"/>
</kw>
<kw name="Wait And Click Element" library="MyKeywords">
<arg>${HOMEPAGE_SIGNIN_BTN}</arg>
<doc>wait for elements to be enabled before clicking</doc>
<status status="NOT RUN" starttime="20231201 23:31:28.932" endtime="20231201 23:31:28.932"/>
</kw>
<kw name="Wait And Input Text" library="MyKeywords">
<arg>${LOGIN_USERNAME_FIELD}</arg>
<arg>${username}</arg>
<doc>wait for elements to be enabled before inputting text</doc>
<status status="NOT RUN" starttime="20231201 23:31:28.932" endtime="20231201 23:31:28.932"/>
</kw>
<kw name="Wait And Input Text" library="MyKeywords">
<arg>${LOGIN_PASSWORD_FIELD}</arg>
<arg>${password}</arg>
<doc>wait for elements to be enabled before inputting text</doc>
<status status="NOT RUN" starttime="20231201 23:31:28.932" endtime="20231201 23:31:28.932"/>
</kw>
<kw name="Wait And Click Element" library="MyKeywords">
<arg>${LOGIN_BTN}</arg>
<doc>wait for elements to be enabled before clicking</doc>
<status status="NOT RUN" starttime="20231201 23:31:28.948" endtime="20231201 23:31:28.948"/>
</kw>
<kw name="Page Should Not Contain" library="SeleniumLibrary">
<arg>${LOGGEDIN_USER}</arg>
<doc>Verifies the current page does not contain ``text``.</doc>
<status status="NOT RUN" starttime="20231201 23:31:28.948" endtime="20231201 23:31:28.948"/>
</kw>
<status status="FAIL" starttime="20231201 23:31:24.291" endtime="20231201 23:31:28.948"/>
</kw>
<status status="FAIL" starttime="20231201 23:31:24.291" endtime="20231201 23:31:28.948">SessionNotCreatedException: Message: session not created: This version of ChromeDriver only supports Chrome version 112
Current browser version is 119.0.6045.200 with binary path C:\Users\kingsley\AppData\Local\Google\Chrome\Application\chrome.exe
Stacktrace:
Backtrace:
	GetHandleVerifier [0x00DEDCE3+50899]
	(No symbol) [0x00D7E111]
	(No symbol) [0x00C85588]
	(No symbol) [0x00CA570C]
	(No symbol) [0x00CA1471]
	(No symbol) [0x00C9F479]
	(No symbol) [0x00CD1FFE]
	(No symbol) [0x00CD1CEC]
	(No symbol) [0x00CCB6F6]
	(No symbol) [0x00CA7708]
	(No symbol) [0x00CA886D]
	GetHandleVerifier [0x01053EAE+2566302]
	GetHandleVerifier [0x010892B1+2784417]
	GetHandleVerifier [0x0108327C+2759788]
	GetHandleVerifier [0x00E85740+672048]
	(No symbol) [0x00D88872]
	(No symbol) [0x00D841C8]
	(No symbol) [0x00D842AB]
	(No symbol) [0x00D771B7]
	BaseThreadInitThunk [0x75E2FCC9+25]
	RtlGetAppContainerNamedObjectPath [0x77827C6E+286]
	RtlGetAppContainerNamedObjectPath [0x77827C3E+238]
</status>
</test>
<test id="s1-t5" name="Valid error messages for incorrect logins" line="26">
<kw name="Verify error messages for different invalid login scenerios">
<arg>kingsg@gmail.com</arg>
<arg>test</arg>
<arg>Invalid password.</arg>
<kw name="Open Browser" library="SeleniumLibrary">
<arg>${URL}</arg>
<arg>${BROWSER}</arg>
<doc>Opens a new browser instance to the optional ``url``.</doc>
<msg timestamp="20231201 23:31:28.964" level="INFO">Opening browser 'chrome' to base url 'http://automationpractice.pl/index.php'.</msg>
<msg timestamp="20231201 23:31:34.526" level="INFO">Cannot capture screenshot because no browser is open.</msg>
<msg timestamp="20231201 23:31:34.527" level="FAIL">SessionNotCreatedException: Message: session not created: This version of ChromeDriver only supports Chrome version 112
Current browser version is 119.0.6045.200 with binary path C:\Users\kingsley\AppData\Local\Google\Chrome\Application\chrome.exe
Stacktrace:
Backtrace:
	GetHandleVerifier [0x00DEDCE3+50899]
	(No symbol) [0x00D7E111]
	(No symbol) [0x00C85588]
	(No symbol) [0x00CA570C]
	(No symbol) [0x00CA1471]
	(No symbol) [0x00C9F479]
	(No symbol) [0x00CD1FFE]
	(No symbol) [0x00CD1CEC]
	(No symbol) [0x00CCB6F6]
	(No symbol) [0x00CA7708]
	(No symbol) [0x00CA886D]
	GetHandleVerifier [0x01053EAE+2566302]
	GetHandleVerifier [0x010892B1+2784417]
	GetHandleVerifier [0x0108327C+2759788]
	GetHandleVerifier [0x00E85740+672048]
	(No symbol) [0x00D88872]
	(No symbol) [0x00D841C8]
	(No symbol) [0x00D842AB]
	(No symbol) [0x00D771B7]
	BaseThreadInitThunk [0x75E2FCC9+25]
	RtlGetAppContainerNamedObjectPath [0x77827C6E+286]
	RtlGetAppContainerNamedObjectPath [0x77827C3E+238]
</msg>
<status status="FAIL" starttime="20231201 23:31:28.964" endtime="20231201 23:31:34.527"/>
</kw>
<kw name="Maximize Browser Window" library="SeleniumLibrary">
<doc>Maximizes current browser window.</doc>
<status status="NOT RUN" starttime="20231201 23:31:34.527" endtime="20231201 23:31:34.527"/>
</kw>
<kw name="Click Element" library="SeleniumLibrary">
<arg>${HOMEPAGE_SIGNIN_BTN}</arg>
<doc>Click the element identified by ``locator``.</doc>
<status status="NOT RUN" starttime="20231201 23:31:34.527" endtime="20231201 23:31:34.527"/>
</kw>
<kw name="Input Text" library="SeleniumLibrary">
<arg>${LOGIN_USERNAME_FIELD}</arg>
<arg>${username}</arg>
<doc>Types the given ``text`` into the text field identified by ``locator``.</doc>
<status status="NOT RUN" starttime="20231201 23:31:34.527" endtime="20231201 23:31:34.527"/>
</kw>
<kw name="Input Text" library="SeleniumLibrary">
<arg>${LOGIN_PASSWORD_FIELD}</arg>
<arg>${password}</arg>
<doc>Types the given ``text`` into the text field identified by ``locator``.</doc>
<status status="NOT RUN" starttime="20231201 23:31:34.527" endtime="20231201 23:31:34.527"/>
</kw>
<kw name="Click Element" library="SeleniumLibrary">
<arg>${LOGIN_BTN}</arg>
<doc>Click the element identified by ``locator``.</doc>
<status status="NOT RUN" starttime="20231201 23:31:34.527" endtime="20231201 23:31:34.527"/>
</kw>
<kw name="Page Should Contain" library="SeleniumLibrary">
<arg>${errormessage}</arg>
<doc>Verifies that current page contains ``text``.</doc>
<status status="NOT RUN" starttime="20231201 23:31:34.527" endtime="20231201 23:31:34.527"/>
</kw>
<status status="FAIL" starttime="20231201 23:31:28.964" endtime="20231201 23:31:34.527"/>
</kw>
<kw name="Verify error messages for different invalid login scenerios">
<arg>kings@gmail.com</arg>
<arg>testing</arg>
<arg>Invalid email address.</arg>
<kw name="Open Browser" library="SeleniumLibrary">
<arg>${URL}</arg>
<arg>${BROWSER}</arg>
<doc>Opens a new browser instance to the optional ``url``.</doc>
<msg timestamp="20231201 23:31:34.527" level="INFO">Opening browser 'chrome' to base url 'http://automationpractice.pl/index.php'.</msg>
<msg timestamp="20231201 23:31:40.167" level="INFO">Cannot capture screenshot because no browser is open.</msg>
<msg timestamp="20231201 23:31:40.167" level="FAIL">SessionNotCreatedException: Message: session not created: This version of ChromeDriver only supports Chrome version 112
Current browser version is 119.0.6045.200 with binary path C:\Users\kingsley\AppData\Local\Google\Chrome\Application\chrome.exe
Stacktrace:
Backtrace:
	GetHandleVerifier [0x00DEDCE3+50899]
	(No symbol) [0x00D7E111]
	(No symbol) [0x00C85588]
	(No symbol) [0x00CA570C]
	(No symbol) [0x00CA1471]
	(No symbol) [0x00C9F479]
	(No symbol) [0x00CD1FFE]
	(No symbol) [0x00CD1CEC]
	(No symbol) [0x00CCB6F6]
	(No symbol) [0x00CA7708]
	(No symbol) [0x00CA886D]
	GetHandleVerifier [0x01053EAE+2566302]
	GetHandleVerifier [0x010892B1+2784417]
	GetHandleVerifier [0x0108327C+2759788]
	GetHandleVerifier [0x00E85740+672048]
	(No symbol) [0x00D88872]
	(No symbol) [0x00D841C8]
	(No symbol) [0x00D842AB]
	(No symbol) [0x00D771B7]
	BaseThreadInitThunk [0x75E2FCC9+25]
	RtlGetAppContainerNamedObjectPath [0x77827C6E+286]
	RtlGetAppContainerNamedObjectPath [0x77827C3E+238]
</msg>
<status status="FAIL" starttime="20231201 23:31:34.527" endtime="20231201 23:31:40.167"/>
</kw>
<kw name="Maximize Browser Window" library="SeleniumLibrary">
<doc>Maximizes current browser window.</doc>
<status status="NOT RUN" starttime="20231201 23:31:40.167" endtime="20231201 23:31:40.167"/>
</kw>
<kw name="Click Element" library="SeleniumLibrary">
<arg>${HOMEPAGE_SIGNIN_BTN}</arg>
<doc>Click the element identified by ``locator``.</doc>
<status status="NOT RUN" starttime="20231201 23:31:40.167" endtime="20231201 23:31:40.167"/>
</kw>
<kw name="Input Text" library="SeleniumLibrary">
<arg>${LOGIN_USERNAME_FIELD}</arg>
<arg>${username}</arg>
<doc>Types the given ``text`` into the text field identified by ``locator``.</doc>
<status status="NOT RUN" starttime="20231201 23:31:40.167" endtime="20231201 23:31:40.167"/>
</kw>
<kw name="Input Text" library="SeleniumLibrary">
<arg>${LOGIN_PASSWORD_FIELD}</arg>
<arg>${password}</arg>
<doc>Types the given ``text`` into the text field identified by ``locator``.</doc>
<status status="NOT RUN" starttime="20231201 23:31:40.167" endtime="20231201 23:31:40.167"/>
</kw>
<kw name="Click Element" library="SeleniumLibrary">
<arg>${LOGIN_BTN}</arg>
<doc>Click the element identified by ``locator``.</doc>
<status status="NOT RUN" starttime="20231201 23:31:40.167" endtime="20231201 23:31:40.167"/>
</kw>
<kw name="Page Should Contain" library="SeleniumLibrary">
<arg>${errormessage}</arg>
<doc>Verifies that current page contains ``text``.</doc>
<status status="NOT RUN" starttime="20231201 23:31:40.167" endtime="20231201 23:31:40.167"/>
</kw>
<status status="FAIL" starttime="20231201 23:31:34.527" endtime="20231201 23:31:40.167"/>
</kw>
<kw name="Verify error messages for different invalid login scenerios">
<arg>${EMPTY}</arg>
<arg>testing</arg>
<arg>An email address is required.</arg>
<kw name="Open Browser" library="SeleniumLibrary">
<arg>${URL}</arg>
<arg>${BROWSER}</arg>
<doc>Opens a new browser instance to the optional ``url``.</doc>
<msg timestamp="20231201 23:31:40.167" level="INFO">Opening browser 'chrome' to base url 'http://automationpractice.pl/index.php'.</msg>
<msg timestamp="20231201 23:31:45.386" level="INFO">Cannot capture screenshot because no browser is open.</msg>
<msg timestamp="20231201 23:31:45.388" level="FAIL">SessionNotCreatedException: Message: session not created: This version of ChromeDriver only supports Chrome version 112
Current browser version is 119.0.6045.200 with binary path C:\Users\kingsley\AppData\Local\Google\Chrome\Application\chrome.exe
Stacktrace:
Backtrace:
	GetHandleVerifier [0x00DEDCE3+50899]
	(No symbol) [0x00D7E111]
	(No symbol) [0x00C85588]
	(No symbol) [0x00CA570C]
	(No symbol) [0x00CA1471]
	(No symbol) [0x00C9F479]
	(No symbol) [0x00CD1FFE]
	(No symbol) [0x00CD1CEC]
	(No symbol) [0x00CCB6F6]
	(No symbol) [0x00CA7708]
	(No symbol) [0x00CA886D]
	GetHandleVerifier [0x01053EAE+2566302]
	GetHandleVerifier [0x010892B1+2784417]
	GetHandleVerifier [0x0108327C+2759788]
	GetHandleVerifier [0x00E85740+672048]
	(No symbol) [0x00D88872]
	(No symbol) [0x00D841C8]
	(No symbol) [0x00D842AB]
	(No symbol) [0x00D771B7]
	BaseThreadInitThunk [0x75E2FCC9+25]
	RtlGetAppContainerNamedObjectPath [0x77827C6E+286]
	RtlGetAppContainerNamedObjectPath [0x77827C3E+238]
</msg>
<status status="FAIL" starttime="20231201 23:31:40.167" endtime="20231201 23:31:45.389"/>
</kw>
<kw name="Maximize Browser Window" library="SeleniumLibrary">
<doc>Maximizes current browser window.</doc>
<status status="NOT RUN" starttime="20231201 23:31:45.390" endtime="20231201 23:31:45.390"/>
</kw>
<kw name="Click Element" library="SeleniumLibrary">
<arg>${HOMEPAGE_SIGNIN_BTN}</arg>
<doc>Click the element identified by ``locator``.</doc>
<status status="NOT RUN" starttime="20231201 23:31:45.390" endtime="20231201 23:31:45.390"/>
</kw>
<kw name="Input Text" library="SeleniumLibrary">
<arg>${LOGIN_USERNAME_FIELD}</arg>
<arg>${username}</arg>
<doc>Types the given ``text`` into the text field identified by ``locator``.</doc>
<status status="NOT RUN" starttime="20231201 23:31:45.390" endtime="20231201 23:31:45.390"/>
</kw>
<kw name="Input Text" library="SeleniumLibrary">
<arg>${LOGIN_PASSWORD_FIELD}</arg>
<arg>${password}</arg>
<doc>Types the given ``text`` into the text field identified by ``locator``.</doc>
<status status="NOT RUN" starttime="20231201 23:31:45.390" endtime="20231201 23:31:45.391"/>
</kw>
<kw name="Click Element" library="SeleniumLibrary">
<arg>${LOGIN_BTN}</arg>
<doc>Click the element identified by ``locator``.</doc>
<status status="NOT RUN" starttime="20231201 23:31:45.391" endtime="20231201 23:31:45.391"/>
</kw>
<kw name="Page Should Contain" library="SeleniumLibrary">
<arg>${errormessage}</arg>
<doc>Verifies that current page contains ``text``.</doc>
<status status="NOT RUN" starttime="20231201 23:31:45.391" endtime="20231201 23:31:45.391"/>
</kw>
<status status="FAIL" starttime="20231201 23:31:40.167" endtime="20231201 23:31:45.391"/>
</kw>
<status status="FAIL" starttime="20231201 23:31:28.964" endtime="20231201 23:31:45.392">Several failures occurred:

1) SessionNotCreatedException: Message: session not created: This version of ChromeDriver only supports Chrome version 112
Current browser version is 119.0.6045.200 with binary path C:\Users\kingsley\AppData\Local\Google\Chrome\Application\chrome.exe
Stacktrace:
Backtrace:
	GetHandleVerifier [0x00DEDCE3+50899]
	(No symbol) [0x00D7E111]
	(No symbol) [0x00C85588]
	(No symbol) [0x00CA570C]
	(No symbol) [0x00CA1471]
	(No symbol) [0x00C9F479]
	(No symbol) [0x00CD1FFE]
	(No symbol) [0x00CD1CEC]
	(No symbol) [0x00CCB6F6]
	(No symbol) [0x00CA7708]
	(No symbol) [0x00CA886D]
	GetHandleVerifier [0x01053EAE+2566302]
    [ Message content over the limit has been removed. ]
	(No symbol) [0x00C85588]
	(No symbol) [0x00CA570C]
	(No symbol) [0x00CA1471]
	(No symbol) [0x00C9F479]
	(No symbol) [0x00CD1FFE]
	(No symbol) [0x00CD1CEC]
	(No symbol) [0x00CCB6F6]
	(No symbol) [0x00CA7708]
	(No symbol) [0x00CA886D]
	GetHandleVerifier [0x01053EAE+2566302]
	GetHandleVerifier [0x010892B1+2784417]
	GetHandleVerifier [0x0108327C+2759788]
	GetHandleVerifier [0x00E85740+672048]
	(No symbol) [0x00D88872]
	(No symbol) [0x00D841C8]
	(No symbol) [0x00D842AB]
	(No symbol) [0x00D771B7]
	BaseThreadInitThunk [0x75E2FCC9+25]
	RtlGetAppContainerNamedObjectPath [0x77827C6E+286]
	RtlGetAppContainerNamedObjectPath [0x77827C3E+238]</status>
</test>
<test id="s1-t6" name="Verify that users can retrieve forgotten password" line="33">
<kw name="Get to login page" library="MyKeywords" type="SETUP">
<kw name="Open Browser" library="SeleniumLibrary">
<arg>${URL}</arg>
<arg>${BROWSER}</arg>
<doc>Opens a new browser instance to the optional ``url``.</doc>
<msg timestamp="20231201 23:31:45.401" level="INFO">Opening browser 'chrome' to base url 'http://automationpractice.pl/index.php'.</msg>
<msg timestamp="20231201 23:31:49.808" level="INFO">Cannot capture screenshot because no browser is open.</msg>
<msg timestamp="20231201 23:31:49.808" level="FAIL">SessionNotCreatedException: Message: session not created: This version of ChromeDriver only supports Chrome version 112
Current browser version is 119.0.6045.200 with binary path C:\Users\kingsley\AppData\Local\Google\Chrome\Application\chrome.exe
Stacktrace:
Backtrace:
	GetHandleVerifier [0x00DEDCE3+50899]
	(No symbol) [0x00D7E111]
	(No symbol) [0x00C85588]
	(No symbol) [0x00CA570C]
	(No symbol) [0x00CA1471]
	(No symbol) [0x00C9F479]
	(No symbol) [0x00CD1FFE]
	(No symbol) [0x00CD1CEC]
	(No symbol) [0x00CCB6F6]
	(No symbol) [0x00CA7708]
	(No symbol) [0x00CA886D]
	GetHandleVerifier [0x01053EAE+2566302]
	GetHandleVerifier [0x010892B1+2784417]
	GetHandleVerifier [0x0108327C+2759788]
	GetHandleVerifier [0x00E85740+672048]
	(No symbol) [0x00D88872]
	(No symbol) [0x00D841C8]
	(No symbol) [0x00D842AB]
	(No symbol) [0x00D771B7]
	BaseThreadInitThunk [0x75E2FCC9+25]
	RtlGetAppContainerNamedObjectPath [0x77827C6E+286]
	RtlGetAppContainerNamedObjectPath [0x77827C3E+238]
</msg>
<status status="FAIL" starttime="20231201 23:31:45.400" endtime="20231201 23:31:49.808"/>
</kw>
<kw name="Maximize Browser Window" library="SeleniumLibrary">
<doc>Maximizes current browser window.</doc>
<status status="NOT RUN" starttime="20231201 23:31:49.808" endtime="20231201 23:31:49.808"/>
</kw>
<kw name="Wait And Click Element" library="MyKeywords">
<arg>${HOMEPAGE_SIGNIN_BTN}</arg>
<doc>wait for elements to be enabled before clicking</doc>
<status status="NOT RUN" starttime="20231201 23:31:49.808" endtime="20231201 23:31:49.808"/>
</kw>
<status status="FAIL" starttime="20231201 23:31:45.399" endtime="20231201 23:31:49.808"/>
</kw>
<tag>kingsley</tag>
<status status="FAIL" starttime="20231201 23:31:45.397" endtime="20231201 23:31:49.808">Setup failed:
SessionNotCreatedException: Message: session not created: This version of ChromeDriver only supports Chrome version 112
Current browser version is 119.0.6045.200 with binary path C:\Users\kingsley\AppData\Local\Google\Chrome\Application\chrome.exe
Stacktrace:
Backtrace:
	GetHandleVerifier [0x00DEDCE3+50899]
	(No symbol) [0x00D7E111]
	(No symbol) [0x00C85588]
	(No symbol) [0x00CA570C]
	(No symbol) [0x00CA1471]
	(No symbol) [0x00C9F479]
	(No symbol) [0x00CD1FFE]
	(No symbol) [0x00CD1CEC]
	(No symbol) [0x00CCB6F6]
	(No symbol) [0x00CA7708]
	(No symbol) [0x00CA886D]
	GetHandleVerifier [0x01053EAE+2566302]
	GetHandleVerifier [0x010892B1+2784417]
	GetHandleVerifier [0x0108327C+2759788]
	GetHandleVerifier [0x00E85740+672048]
	(No symbol) [0x00D88872]
	(No symbol) [0x00D841C8]
	(No symbol) [0x00D842AB]
	(No symbol) [0x00D771B7]
	BaseThreadInitThunk [0x75E2FCC9+25]
	RtlGetAppContainerNamedObjectPath [0x77827C6E+286]
	RtlGetAppContainerNamedObjectPath [0x77827C3E+238]
</status>
</test>
<kw name="Close All Browsers" library="SeleniumLibrary" type="TEARDOWN">
<doc>Closes all open browsers and resets the browser cache.</doc>
<status status="PASS" starttime="20231201 23:31:49.823" endtime="20231201 23:31:49.823"/>
</kw>
<doc>Validate application homepage and login</doc>
<status status="FAIL" starttime="20231201 23:30:44.902" endtime="20231201 23:31:49.823"/>
</suite>
<statistics>
<total>
<stat pass="0" fail="6" skip="0">All Tests</stat>
</total>
<tag>
<stat pass="0" fail="1" skip="0">kingsley</stat>
</tag>
<suite>
<stat pass="0" fail="6" skip="0" id="s1" name="Automation Practice Homepage Login">Automation Practice Homepage Login</stat>
</suite>
</statistics>
<errors>
</errors>
</robot>
